Using pre-set license
Built from '2020.3/release' branch; Version is '2020.3.2f1 (8fd9074bf66c) revision 9427207'; Using compiler version '192528614'; Build Type 'Release'
OS: 'Windows 10 Enterprise; OS build 19042.867; Version 2009; 64bit' Language: 'pt' Physical Memory: 8099 MB
BatchMode: 1, IsHumanControllingUs: 0, StartBugReporterOnCrash: 0, Is64bit: 1, IsPro: 0

 COMMAND LINE ARGUMENTS:
C:\Program Files\Unity\Hub\Editor\2020.3.2f1\Editor\Unity.exe
-adb2
-batchMode
-noUpm
-name
AssetImportWorker1
-projectPath
C:/Projetos Unity/Shoot-Game
-logFile
Logs/AssetImportWorker1.log
-srvPort
49907
Successfully changed project path to: C:/Projetos Unity/Shoot-Game
C:/Projetos Unity/Shoot-Game
Using Asset Import Pipeline V2.
Refreshing native plugins compatible for Editor in 41.18 ms, found 1 plugins.
Preloading 0 native plugins for Editor in 0.00 ms.
Initialize engine version: 2020.3.2f1 (8fd9074bf66c)
[Subsystems] Discovering subsystems at path C:/Program Files/Unity/Hub/Editor/2020.3.2f1/Editor/Data/Resources/UnitySubsystems
[Subsystems] Discovering subsystems at path C:/Projetos Unity/Shoot-Game/Assets
GfxDevice: creating device client; threaded=0
Direct3D:
    Version:  Direct3D 11.0 [level 11.1]
    Renderer: Radeon RX550/550 Series (ID=0x699f)
    Vendor:   
    VRAM:     4076 MB
    Driver:   27.20.15003.1004
Initialize mono
Mono path[0] = 'C:/Program Files/Unity/Hub/Editor/2020.3.2f1/Editor/Data/Managed'
Mono path[1] = 'C:/Program Files/Unity/Hub/Editor/2020.3.2f1/Editor/Data/MonoBleedingEdge/lib/mono/unityjit'
Mono config path = 'C:/Program Files/Unity/Hub/Editor/2020.3.2f1/Editor/Data/MonoBleedingEdge/etc'
Using monoOptions --debugger-agent=transport=dt_socket,embedding=1,server=y,suspend=n,address=127.0.0.1:56984
Begin MonoManager ReloadAssembly
Registering precompiled unity dll's ...
Register platform support module: C:/Program Files/Unity/Hub/Editor/2020.3.2f1/Editor/Data/PlaybackEngines/WindowsStandaloneSupport/UnityEditor.WindowsStandalone.Extensions.dll
Registered in 0.001816 seconds.
Native extension for WindowsStandalone target not found
Refreshing native plugins compatible for Editor in 40.73 ms, found 1 plugins.
Preloading 0 native plugins for Editor in 0.00 ms.
Invoked RoslynAnalysisRunner static constructor.
RoslynAnalysisRunner will not be running.
RoslynAnalysisRunner has terminated.
Mono: successfully reloaded assembly
- Completed reload, in  3.783 seconds
Platform modules already initialized, skipping
Registering precompiled user dll's ...
Registered in 0.001102 seconds.
Begin MonoManager ReloadAssembly
Native extension for WindowsStandalone target not found
Refreshing native plugins compatible for Editor in 40.36 ms, found 1 plugins.
Preloading 0 native plugins for Editor in 0.00 ms.
Invoked RoslynAnalysisRunner static constructor.
RoslynAnalysisRunner will not be running.
RoslynAnalysisRunner has terminated.
Mono: successfully reloaded assembly
- Completed reload, in  0.872 seconds
Platform modules already initialized, skipping
========================================================================
Worker process is ready to serve import requests
Launched and connected shader compiler UnityShaderCompiler.exe after 0.04 seconds
Refreshing native plugins compatible for Editor in 0.49 ms, found 1 plugins.
Preloading 0 native plugins for Editor in 0.00 ms.
Unloading 1834 Unused Serialized files (Serialized files now loaded: 0)
System memory in use before: 85.8 MB.
System memory in use after: 85.9 MB.

Unloading 19 unused Assets to reduce memory usage. Loaded Objects now: 2283.
Total: 2.236300 ms (FindLiveObjects: 0.237400 ms CreateObjectMapping: 0.109200 ms MarkObjects: 1.827100 ms  DeleteObjects: 0.061400 ms)

========================================================================
Received Import Request.
  path: Assets/Sprites/ConcreteSplash
  artifactKey: Guid(45c01ab415ff05c478cc4b6da977ee68) Importer(815301076,1909f56bfc062723c751e8b465ee728b)
Start importing Assets/Sprites/ConcreteSplash using Guid(45c01ab415ff05c478cc4b6da977ee68) Importer(815301076,1909f56bfc062723c751e8b465ee728b)  -> (artifact id: 'fc60d4995593a64b0bdd21ff36d298de') in 0.004706 seconds
  Import took 0.008377 seconds .

========================================================================
Received Import Request.
  Time since last request: 46.488714 seconds.
  path: Assets/Sprites/Ammo
  artifactKey: Guid(d5202279e36cc7140b00f034307c0dcd) Importer(815301076,1909f56bfc062723c751e8b465ee728b)
Start importing Assets/Sprites/Ammo using Guid(d5202279e36cc7140b00f034307c0dcd) Importer(815301076,1909f56bfc062723c751e8b465ee728b)  -> (artifact id: 'de8c655e21a2718e6cbef3f4334df164') in 0.002096 seconds
  Import took 0.005829 seconds .

========================================================================
Received Import Request.
  Time since last request: 19618.500224 seconds.
  path: Assets/Sprites/Ammo/mwo,x1000,ipad_2_snap-pad,750x1000,f8f8f8.u4.jpg
  artifactKey: Guid(f0b810249d6748f4d8515dabb877d622) Importer(815301076,1909f56bfc062723c751e8b465ee728b)
Start importing Assets/Sprites/Ammo/mwo,x1000,ipad_2_snap-pad,750x1000,f8f8f8.u4.jpg using Guid(f0b810249d6748f4d8515dabb877d622) Importer(815301076,1909f56bfc062723c751e8b465ee728b)  -> (artifact id: 'b27830f8e66f8f6f7e6e9c890da3564f') in 0.306332 seconds
  Import took 0.346350 seconds .

========================================================================
Received Import Request.
  Time since last request: 72.109937 seconds.
  path: Assets/Sprites/Ammo/mwo,x1000,ipad_2_snap-pad,750x1000,f8f8f8.u4.jpg
  artifactKey: Guid(f0b810249d6748f4d8515dabb877d622) Importer(815301076,1909f56bfc062723c751e8b465ee728b)
Start importing Assets/Sprites/Ammo/mwo,x1000,ipad_2_snap-pad,750x1000,f8f8f8.u4.jpg using Guid(f0b810249d6748f4d8515dabb877d622) Importer(815301076,1909f56bfc062723c751e8b465ee728b)  -> (artifact id: 'e471dece98d1b0d6edd4fd5e4cdc7f92') in 0.020212 seconds
  Import took 0.024295 seconds .

========================================================================
Received Import Request.
  Time since last request: 8.484105 seconds.
  path: Assets/Sprites/Ammo/mwo,x1000,ipad_2_snap-pad,750x1000,f8f8f8.u4.jpg
  artifactKey: Guid(f0b810249d6748f4d8515dabb877d622) Importer(815301076,1909f56bfc062723c751e8b465ee728b)
Start importing Assets/Sprites/Ammo/mwo,x1000,ipad_2_snap-pad,750x1000,f8f8f8.u4.jpg using Guid(f0b810249d6748f4d8515dabb877d622) Importer(815301076,1909f56bfc062723c751e8b465ee728b)  -> (artifact id: '91d54aaa7b17990933f997cc6ab9da47') in 0.014661 seconds
  Import took 0.019205 seconds .

========================================================================
Received Import Request.
  Time since last request: 0.005658 seconds.
  path: Assets/Sprites/Ammo/mwo,x1000,ipad_2_snap-pad,750x1000,f8f8f8.u4.jpg
  artifactKey: Guid(f0b810249d6748f4d8515dabb877d622) Importer(815301076,1909f56bfc062723c751e8b465ee728b)
Start importing Assets/Sprites/Ammo/mwo,x1000,ipad_2_snap-pad,750x1000,f8f8f8.u4.jpg using Guid(f0b810249d6748f4d8515dabb877d622) Importer(815301076,1909f56bfc062723c751e8b465ee728b)  -> (artifact id: '91d54aaa7b17990933f997cc6ab9da47') in 0.013046 seconds
  Import took 0.016959 seconds .

========================================================================
Received Import Request.
  Time since last request: 7.100153 seconds.
  path: Assets/Sprites/Ammo/mwo,x1000,ipad_2_snap-pad,750x1000,f8f8f8.u4.jpg
  artifactKey: Guid(f0b810249d6748f4d8515dabb877d622) Importer(815301076,1909f56bfc062723c751e8b465ee728b)
Start importing Assets/Sprites/Ammo/mwo,x1000,ipad_2_snap-pad,750x1000,f8f8f8.u4.jpg using Guid(f0b810249d6748f4d8515dabb877d622) Importer(815301076,1909f56bfc062723c751e8b465ee728b)  -> (artifact id: '7a0f243a215dadc159e9fcf93486d162') in 0.020374 seconds
  Import took 0.024173 seconds .

========================================================================
Received Import Request.
  Time since last request: 0.000575 seconds.
  path: Assets/Sprites/Ammo/mwo,x1000,ipad_2_snap-pad,750x1000,f8f8f8.u4.jpg
  artifactKey: Guid(f0b810249d6748f4d8515dabb877d622) Importer(815301076,1909f56bfc062723c751e8b465ee728b)
Start importing Assets/Sprites/Ammo/mwo,x1000,ipad_2_snap-pad,750x1000,f8f8f8.u4.jpg using Guid(f0b810249d6748f4d8515dabb877d622) Importer(815301076,1909f56bfc062723c751e8b465ee728b)  -> (artifact id: '7a0f243a215dadc159e9fcf93486d162') in 0.012921 seconds
  Import took 0.016107 seconds .

========================================================================
Received Prepare
Registering precompiled user dll's ...
Registered in 0.001718 seconds.
Begin MonoManager ReloadAssembly
Native extension for WindowsStandalone target not found
Refreshing native plugins compatible for Editor in 0.46 ms, found 1 plugins.
Preloading 0 native plugins for Editor in 0.00 ms.
Invoked RoslynAnalysisRunner static constructor.
RoslynAnalysisRunner will not be running.
RoslynAnalysisRunner has terminated.
Mono: successfully reloaded assembly
- Completed reload, in  0.906 seconds
Platform modules already initialized, skipping
Refreshing native plugins compatible for Editor in 0.47 ms, found 1 plugins.
Preloading 0 native plugins for Editor in 0.00 ms.
Unloading 1824 Unused Serialized files (Serialized files now loaded: 0)
System memory in use before: 88.3 MB.
System memory in use after: 88.5 MB.

Unloading 7 unused Assets to reduce memory usage. Loaded Objects now: 2293.
Total: 2.440800 ms (FindLiveObjects: 0.260300 ms CreateObjectMapping: 0.093700 ms MarkObjects: 2.063700 ms  DeleteObjects: 0.021600 ms)

========================================================================
Received Prepare
Registering precompiled user dll's ...
Registered in 0.001042 seconds.
Begin MonoManager ReloadAssembly
Native extension for WindowsStandalone target not found
Refreshing native plugins compatible for Editor in 0.44 ms, found 1 plugins.
Preloading 0 native plugins for Editor in 0.00 ms.
Invoked RoslynAnalysisRunner static constructor.
RoslynAnalysisRunner will not be running.
RoslynAnalysisRunner has terminated.
Mono: successfully reloaded assembly
- Completed reload, in  0.815 seconds
Platform modules already initialized, skipping
Refreshing native plugins compatible for Editor in 0.52 ms, found 1 plugins.
Preloading 0 native plugins for Editor in 0.00 ms.
Unloading 1824 Unused Serialized files (Serialized files now loaded: 0)
System memory in use before: 88.4 MB.
System memory in use after: 88.5 MB.

Unloading 7 unused Assets to reduce memory usage. Loaded Objects now: 2297.
Total: 2.285500 ms (FindLiveObjects: 0.258300 ms CreateObjectMapping: 0.075900 ms MarkObjects: 1.933000 ms  DeleteObjects: 0.015900 ms)

========================================================================
Received Prepare
Registering precompiled user dll's ...
Registered in 0.001182 seconds.
Begin MonoManager ReloadAssembly
Native extension for WindowsStandalone target not found
Refreshing native plugins compatible for Editor in 0.45 ms, found 1 plugins.
Preloading 0 native plugins for Editor in 0.00 ms.
Invoked RoslynAnalysisRunner static constructor.
RoslynAnalysisRunner will not be running.
RoslynAnalysisRunner has terminated.
Mono: successfully reloaded assembly
- Completed reload, in  0.810 seconds
Platform modules already initialized, skipping
Refreshing native plugins compatible for Editor in 0.45 ms, found 1 plugins.
Preloading 0 native plugins for Editor in 0.00 ms.
Unloading 1824 Unused Serialized files (Serialized files now loaded: 0)
System memory in use before: 88.4 MB.
System memory in use after: 88.5 MB.

Unloading 7 unused Assets to reduce memory usage. Loaded Objects now: 2301.
Total: 2.107100 ms (FindLiveObjects: 0.335900 ms CreateObjectMapping: 0.126300 ms MarkObjects: 1.602400 ms  DeleteObjects: 0.040100 ms)

========================================================================
Received Prepare
Registering precompiled user dll's ...
Registered in 0.001074 seconds.
Begin MonoManager ReloadAssembly
Native extension for WindowsStandalone target not found
Refreshing native plugins compatible for Editor in 0.53 ms, found 1 plugins.
Preloading 0 native plugins for Editor in 0.00 ms.
Invoked RoslynAnalysisRunner static constructor.
RoslynAnalysisRunner will not be running.
RoslynAnalysisRunner has terminated.
Mono: successfully reloaded assembly
- Completed reload, in  0.801 seconds
Platform modules already initialized, skipping
Refreshing native plugins compatible for Editor in 0.43 ms, found 1 plugins.
Preloading 0 native plugins for Editor in 0.00 ms.
Unloading 1824 Unused Serialized files (Serialized files now loaded: 0)
System memory in use before: 88.4 MB.
System memory in use after: 88.5 MB.

Unloading 7 unused Assets to reduce memory usage. Loaded Objects now: 2305.
Total: 2.132900 ms (FindLiveObjects: 0.335200 ms CreateObjectMapping: 0.081500 ms MarkObjects: 1.681000 ms  DeleteObjects: 0.034000 ms)

========================================================================
Received Import Request.
  Time since last request: 203.592774 seconds.
  path: Assets/Sprites/Ammo/mwo,x1000,ipad_2_snap-pad,750x1000,f8f8f8.u4.xcf
  artifactKey: Guid(7006bdb6852217a4caca8af5872ee1e9) Importer(815301076,1909f56bfc062723c751e8b465ee728b)
Start importing Assets/Sprites/Ammo/mwo,x1000,ipad_2_snap-pad,750x1000,f8f8f8.u4.xcf using Guid(7006bdb6852217a4caca8af5872ee1e9) Importer(815301076,1909f56bfc062723c751e8b465ee728b)  -> (artifact id: '63338da9af0a573910f262e18e1df00b') in 0.015909 seconds
  Import took 0.019423 seconds .

========================================================================
Received Import Request.
  Time since last request: 28.396958 seconds.
  path: Assets/Sprites/Ammo/mwo,x1000,ipad_2_snap-pad,750x1000,f8f8f8.u4.jpg
  artifactKey: Guid(f0b810249d6748f4d8515dabb877d622) Importer(815301076,1909f56bfc062723c751e8b465ee728b)
Start importing Assets/Sprites/Ammo/mwo,x1000,ipad_2_snap-pad,750x1000,f8f8f8.u4.jpg using Guid(f0b810249d6748f4d8515dabb877d622) Importer(815301076,1909f56bfc062723c751e8b465ee728b)  -> (artifact id: '23884320b32f93c1a768fdcb4b909111') in 0.048440 seconds
  Import took 0.053223 seconds .

========================================================================
Received Prepare
Registering precompiled user dll's ...
Registered in 0.001033 seconds.
Begin MonoManager ReloadAssembly
Native extension for WindowsStandalone target not found
Refreshing native plugins compatible for Editor in 0.46 ms, found 1 plugins.
Preloading 0 native plugins for Editor in 0.00 ms.
Invoked RoslynAnalysisRunner static constructor.
RoslynAnalysisRunner will not be running.
RoslynAnalysisRunner has terminated.
Mono: successfully reloaded assembly
- Completed reload, in  0.819 seconds
Platform modules already initialized, skipping
Refreshing native plugins compatible for Editor in 0.42 ms, found 1 plugins.
Preloading 0 native plugins for Editor in 0.00 ms.
Unloading 1824 Unused Serialized files (Serialized files now loaded: 0)
System memory in use before: 88.4 MB.
System memory in use after: 88.6 MB.

Unloading 7 unused Assets to reduce memory usage. Loaded Objects now: 2310.
Total: 2.521500 ms (FindLiveObjects: 0.375000 ms CreateObjectMapping: 0.098700 ms MarkObjects: 2.004800 ms  DeleteObjects: 0.041100 ms)

========================================================================
Received Import Request.
  Time since last request: 370.470328 seconds.
  path: Assets/Sprites/Ammo/shell.jpg
  artifactKey: Guid(083899cc36fab0c48b0945461430d39e) Importer(815301076,1909f56bfc062723c751e8b465ee728b)
Start importing Assets/Sprites/Ammo/shell.jpg using Guid(083899cc36fab0c48b0945461430d39e) Importer(815301076,1909f56bfc062723c751e8b465ee728b)  -> (artifact id: '94a54f2c33b6d4b5df9592d7a6385bc0') in 0.049119 seconds
  Import took 0.054367 seconds .

========================================================================
Received Import Request.
  Time since last request: 248.498778 seconds.
  path: Assets/Sprites/Ammo/4_shells.jpg
  artifactKey: Guid(f63646e59f037d34bb39af5a20c48abe) Importer(815301076,1909f56bfc062723c751e8b465ee728b)
Start importing Assets/Sprites/Ammo/4_shells.jpg using Guid(f63646e59f037d34bb39af5a20c48abe) Importer(815301076,1909f56bfc062723c751e8b465ee728b)  -> (artifact id: '8284aeec09bbc62151b0a50fc4ddd987') in 0.014991 seconds
  Import took 0.018612 seconds .

========================================================================
Received Prepare
Registering precompiled user dll's ...
Registered in 0.001038 seconds.
Begin MonoManager ReloadAssembly
Native extension for WindowsStandalone target not found
Refreshing native plugins compatible for Editor in 0.45 ms, found 1 plugins.
Preloading 0 native plugins for Editor in 0.00 ms.
Invoked RoslynAnalysisRunner static constructor.
RoslynAnalysisRunner will not be running.
RoslynAnalysisRunner has terminated.
Mono: successfully reloaded assembly
- Completed reload, in  0.805 seconds
Platform modules already initialized, skipping
Refreshing native plugins compatible for Editor in 0.44 ms, found 1 plugins.
Preloading 0 native plugins for Editor in 0.00 ms.
Unloading 1824 Unused Serialized files (Serialized files now loaded: 0)
System memory in use before: 88.5 MB.
System memory in use after: 88.6 MB.

Unloading 7 unused Assets to reduce memory usage. Loaded Objects now: 2319.
Total: 1.903300 ms (FindLiveObjects: 0.256600 ms CreateObjectMapping: 0.113000 ms MarkObjects: 1.518300 ms  DeleteObjects: 0.014300 ms)

========================================================================
Received Import Request.
  Time since last request: 127.020247 seconds.
  path: Assets/Sprites/Ammo/4_shells.jpg
  artifactKey: Guid(f63646e59f037d34bb39af5a20c48abe) Importer(815301076,1909f56bfc062723c751e8b465ee728b)
Start importing Assets/Sprites/Ammo/4_shells.jpg using Guid(f63646e59f037d34bb39af5a20c48abe) Importer(815301076,1909f56bfc062723c751e8b465ee728b)  -> (artifact id: '3fd58383c0925dbaa8b30eb7b1c747e9') in 0.047284 seconds
  Import took 0.050936 seconds .

========================================================================
Received Import Request.
  Time since last request: 15.114166 seconds.
  path: Assets/Sprites/Ammo/4_shells.jpg
  artifactKey: Guid(f63646e59f037d34bb39af5a20c48abe) Importer(815301076,1909f56bfc062723c751e8b465ee728b)
Start importing Assets/Sprites/Ammo/4_shells.jpg using Guid(f63646e59f037d34bb39af5a20c48abe) Importer(815301076,1909f56bfc062723c751e8b465ee728b)  -> (artifact id: '1c2fbc4d1018024ba3250df1ff4dba97') in 0.011675 seconds
  Import took 0.015662 seconds .

========================================================================
Received Import Request.
  Time since last request: 89.763037 seconds.
  path: Assets/Sprites/Ammo/4_shells.png
  artifactKey: Guid(0adf2c748b7c781458e93713b2f2a65f) Importer(815301076,1909f56bfc062723c751e8b465ee728b)
Start importing Assets/Sprites/Ammo/4_shells.png using Guid(0adf2c748b7c781458e93713b2f2a65f) Importer(815301076,1909f56bfc062723c751e8b465ee728b)  -> (artifact id: 'cf4b5f10ff121f626e4317ea94a10b69') in 0.013496 seconds
  Import took 0.017531 seconds .

========================================================================
Received Import Request.
  Time since last request: 53.946048 seconds.
  path: Assets/Sprites/Ammo/4_shells.png
  artifactKey: Guid(0adf2c748b7c781458e93713b2f2a65f) Importer(815301076,1909f56bfc062723c751e8b465ee728b)
Start importing Assets/Sprites/Ammo/4_shells.png using Guid(0adf2c748b7c781458e93713b2f2a65f) Importer(815301076,1909f56bfc062723c751e8b465ee728b)  -> (artifact id: '739bd765ad3aac860eddd869d49582d9') in 0.011468 seconds
  Import took 0.015662 seconds .

========================================================================
Received Prepare
Registering precompiled user dll's ...
Registered in 0.001085 seconds.
Begin MonoManager ReloadAssembly
Native extension for WindowsStandalone target not found
Refreshing native plugins compatible for Editor in 0.44 ms, found 1 plugins.
Preloading 0 native plugins for Editor in 0.00 ms.
Invoked RoslynAnalysisRunner static constructor.
RoslynAnalysisRunner will not be running.
RoslynAnalysisRunner has terminated.
Mono: successfully reloaded assembly
- Completed reload, in  0.780 seconds
Platform modules already initialized, skipping
Refreshing native plugins compatible for Editor in 0.46 ms, found 1 plugins.
Preloading 0 native plugins for Editor in 0.00 ms.
Unloading 1824 Unused Serialized files (Serialized files now loaded: 0)
System memory in use before: 88.5 MB.
System memory in use after: 88.6 MB.

Unloading 7 unused Assets to reduce memory usage. Loaded Objects now: 2324.
Total: 2.813800 ms (FindLiveObjects: 0.638100 ms CreateObjectMapping: 0.148300 ms MarkObjects: 2.001100 ms  DeleteObjects: 0.022900 ms)

========================================================================
Received Import Request.
  Time since last request: 352.506313 seconds.
  path: Assets/Sprites/Ammo/ammo_clip_full.png
  artifactKey: Guid(72fc7032724cf454fa8fecb423b9926c) Importer(815301076,1909f56bfc062723c751e8b465ee728b)
Start importing Assets/Sprites/Ammo/ammo_clip_full.png using Guid(72fc7032724cf454fa8fecb423b9926c) Importer(815301076,1909f56bfc062723c751e8b465ee728b)  -> (artifact id: 'b24879af6f08020334e8b0d3b21371a3') in 0.049121 seconds
  Import took 0.053419 seconds .

========================================================================
Received Import Request.
  Time since last request: 1135.503631 seconds.
  path: Assets/Prefabs
  artifactKey: Guid(30385871b1f2df14a9b0feeb89206975) Importer(815301076,1909f56bfc062723c751e8b465ee728b)
Start importing Assets/Prefabs using Guid(30385871b1f2df14a9b0feeb89206975) Importer(815301076,1909f56bfc062723c751e8b465ee728b)  -> (artifact id: '7ace2e7c9cbbd986d0f5342f8e22e6cb') in 0.002801 seconds
  Import took 0.006469 seconds .

========================================================================
Received Import Request.
  Time since last request: 0.001264 seconds.
  path: Assets/Prefabs
  artifactKey: Guid(30385871b1f2df14a9b0feeb89206975) Importer(815301076,1909f56bfc062723c751e8b465ee728b)
Start importing Assets/Prefabs using Guid(30385871b1f2df14a9b0feeb89206975) Importer(815301076,1909f56bfc062723c751e8b465ee728b)  -> (artifact id: '7ace2e7c9cbbd986d0f5342f8e22e6cb') in 0.002572 seconds
  Import took 0.006282 seconds .

========================================================================
Received Import Request.
  Time since last request: 14.313842 seconds.
  path: Assets/Prefabs/ScriptableObj
  artifactKey: Guid(b69aa6fff1c5a0544a257e843ea2bcaf) Importer(815301076,1909f56bfc062723c751e8b465ee728b)
Start importing Assets/Prefabs/ScriptableObj using Guid(b69aa6fff1c5a0544a257e843ea2bcaf) Importer(815301076,1909f56bfc062723c751e8b465ee728b)  -> (artifact id: 'cbfc4ae05ae644c8fa429408d63df8c2') in 0.002400 seconds
  Import took 0.005380 seconds .

========================================================================
Received Prepare
Registering precompiled user dll's ...
Registered in 0.001053 seconds.
Begin MonoManager ReloadAssembly
Native extension for WindowsStandalone target not found
Refreshing native plugins compatible for Editor in 0.44 ms, found 1 plugins.
Preloading 0 native plugins for Editor in 0.00 ms.
Invoked RoslynAnalysisRunner static constructor.
RoslynAnalysisRunner will not be running.
RoslynAnalysisRunner has terminated.
Mono: successfully reloaded assembly
- Completed reload, in  0.793 seconds
Platform modules already initialized, skipping
Refreshing native plugins compatible for Editor in 0.43 ms, found 1 plugins.
Preloading 0 native plugins for Editor in 0.00 ms.
Unloading 1824 Unused Serialized files (Serialized files now loaded: 0)
System memory in use before: 88.5 MB.
System memory in use after: 88.6 MB.

Unloading 7 unused Assets to reduce memory usage. Loaded Objects now: 2331.
Total: 2.038900 ms (FindLiveObjects: 0.236900 ms CreateObjectMapping: 0.068300 ms MarkObjects: 1.716500 ms  DeleteObjects: 0.016000 ms)

========================================================================
Received Prepare
Registering precompiled user dll's ...
Registered in 0.001066 seconds.
Begin MonoManager ReloadAssembly
Native extension for WindowsStandalone target not found
Refreshing native plugins compatible for Editor in 0.44 ms, found 1 plugins.
Preloading 0 native plugins for Editor in 0.00 ms.
Invoked RoslynAnalysisRunner static constructor.
RoslynAnalysisRunner will not be running.
RoslynAnalysisRunner has terminated.
Mono: successfully reloaded assembly
- Completed reload, in  0.808 seconds
Platform modules already initialized, skipping
Refreshing native plugins compatible for Editor in 0.43 ms, found 1 plugins.
Preloading 0 native plugins for Editor in 0.00 ms.
Unloading 1824 Unused Serialized files (Serialized files now loaded: 0)
System memory in use before: 88.5 MB.
System memory in use after: 88.6 MB.

Unloading 7 unused Assets to reduce memory usage. Loaded Objects now: 2335.
Total: 2.168000 ms (FindLiveObjects: 0.244900 ms CreateObjectMapping: 0.083500 ms MarkObjects: 1.817800 ms  DeleteObjects: 0.019800 ms)

========================================================================
Received Prepare
Registering precompiled user dll's ...
Registered in 0.001025 seconds.
Begin MonoManager ReloadAssembly
Native extension for WindowsStandalone target not found
Refreshing native plugins compatible for Editor in 0.52 ms, found 1 plugins.
Preloading 0 native plugins for Editor in 0.00 ms.
Invoked RoslynAnalysisRunner static constructor.
RoslynAnalysisRunner will not be running.
RoslynAnalysisRunner has terminated.
Mono: successfully reloaded assembly
- Completed reload, in  0.761 seconds
Platform modules already initialized, skipping
Refreshing native plugins compatible for Editor in 0.43 ms, found 1 plugins.
Preloading 0 native plugins for Editor in 0.00 ms.
Unloading 1824 Unused Serialized files (Serialized files now loaded: 0)
System memory in use before: 88.5 MB.
System memory in use after: 88.6 MB.

Unloading 7 unused Assets to reduce memory usage. Loaded Objects now: 2339.
Total: 2.094300 ms (FindLiveObjects: 0.320900 ms CreateObjectMapping: 0.071900 ms MarkObjects: 1.664100 ms  DeleteObjects: 0.036200 ms)

========================================================================
Received Prepare
Registering precompiled user dll's ...
Registered in 0.001060 seconds.
Begin MonoManager ReloadAssembly
Native extension for WindowsStandalone target not found
Refreshing native plugins compatible for Editor in 0.48 ms, found 1 plugins.
Preloading 0 native plugins for Editor in 0.00 ms.
Invoked RoslynAnalysisRunner static constructor.
RoslynAnalysisRunner will not be running.
RoslynAnalysisRunner has terminated.
Mono: successfully reloaded assembly
- Completed reload, in  0.796 seconds
Platform modules already initialized, skipping
Refreshing native plugins compatible for Editor in 0.50 ms, found 1 plugins.
Preloading 0 native plugins for Editor in 0.00 ms.
Unloading 1824 Unused Serialized files (Serialized files now loaded: 0)
System memory in use before: 88.5 MB.
System memory in use after: 88.6 MB.

Unloading 7 unused Assets to reduce memory usage. Loaded Objects now: 2343.
Total: 2.485900 ms (FindLiveObjects: 0.265200 ms CreateObjectMapping: 0.076000 ms MarkObjects: 2.109700 ms  DeleteObjects: 0.032700 ms)

========================================================================
Received Prepare
Registering precompiled user dll's ...
Registered in 0.001101 seconds.
Begin MonoManager ReloadAssembly
Native extension for WindowsStandalone target not found
Refreshing native plugins compatible for Editor in 0.68 ms, found 1 plugins.
Preloading 0 native plugins for Editor in 0.00 ms.
Invoked RoslynAnalysisRunner static constructor.
RoslynAnalysisRunner will not be running.
RoslynAnalysisRunner has terminated.
Mono: successfully reloaded assembly
- Completed reload, in  0.811 seconds
Platform modules already initialized, skipping
Refreshing native plugins compatible for Editor in 0.44 ms, found 1 plugins.
Preloading 0 native plugins for Editor in 0.00 ms.
Unloading 1824 Unused Serialized files (Serialized files now loaded: 0)
System memory in use before: 88.5 MB.
System memory in use after: 88.6 MB.

Unloading 7 unused Assets to reduce memory usage. Loaded Objects now: 2347.
Total: 2.032200 ms (FindLiveObjects: 0.251800 ms CreateObjectMapping: 0.090800 ms MarkObjects: 1.673400 ms  DeleteObjects: 0.014800 ms)

========================================================================
Received Prepare
Registering precompiled user dll's ...
Registered in 0.001066 seconds.
Begin MonoManager ReloadAssembly
Native extension for WindowsStandalone target not found
Refreshing native plugins compatible for Editor in 0.77 ms, found 1 plugins.
Preloading 0 native plugins for Editor in 0.00 ms.
Invoked RoslynAnalysisRunner static constructor.
RoslynAnalysisRunner will not be running.
RoslynAnalysisRunner has terminated.
Mono: successfully reloaded assembly
- Completed reload, in  0.777 seconds
Platform modules already initialized, skipping
Refreshing native plugins compatible for Editor in 0.45 ms, found 1 plugins.
Preloading 0 native plugins for Editor in 0.00 ms.
Unloading 1824 Unused Serialized files (Serialized files now loaded: 0)
System memory in use before: 88.5 MB.
System memory in use after: 88.6 MB.

Unloading 7 unused Assets to reduce memory usage. Loaded Objects now: 2351.
Total: 2.169800 ms (FindLiveObjects: 0.204700 ms CreateObjectMapping: 0.060800 ms MarkObjects: 1.886900 ms  DeleteObjects: 0.016000 ms)

========================================================================
Received Prepare
Registering precompiled user dll's ...
Registered in 0.001094 seconds.
Begin MonoManager ReloadAssembly
Native extension for WindowsStandalone target not found
Refreshing native plugins compatible for Editor in 0.44 ms, found 1 plugins.
Preloading 0 native plugins for Editor in 0.00 ms.
Invoked RoslynAnalysisRunner static constructor.
RoslynAnalysisRunner will not be running.
RoslynAnalysisRunner has terminated.
Mono: successfully reloaded assembly
- Completed reload, in  0.785 seconds
Platform modules already initialized, skipping
Refreshing native plugins compatible for Editor in 0.43 ms, found 1 plugins.
Preloading 0 native plugins for Editor in 0.00 ms.
Unloading 1824 Unused Serialized files (Serialized files now loaded: 0)
System memory in use before: 88.5 MB.
System memory in use after: 88.7 MB.

Unloading 7 unused Assets to reduce memory usage. Loaded Objects now: 2355.
Total: 1.866900 ms (FindLiveObjects: 0.262800 ms CreateObjectMapping: 0.077100 ms MarkObjects: 1.506900 ms  DeleteObjects: 0.019200 ms)

========================================================================
Received Prepare
Registering precompiled user dll's ...
Registered in 0.002285 seconds.
Begin MonoManager ReloadAssembly
Native extension for WindowsStandalone target not found
Refreshing native plugins compatible for Editor in 0.48 ms, found 1 plugins.
Preloading 0 native plugins for Editor in 0.00 ms.
Invoked RoslynAnalysisRunner static constructor.
RoslynAnalysisRunner will not be running.
RoslynAnalysisRunner has terminated.
Mono: successfully reloaded assembly
- Completed reload, in  0.812 seconds
Platform modules already initialized, skipping
Refreshing native plugins compatible for Editor in 0.43 ms, found 1 plugins.
Preloading 0 native plugins for Editor in 0.00 ms.
Unloading 1824 Unused Serialized files (Serialized files now loaded: 0)
System memory in use before: 88.6 MB.
System memory in use after: 88.7 MB.

Unloading 7 unused Assets to reduce memory usage. Loaded Objects now: 2359.
Total: 3.534500 ms (FindLiveObjects: 0.685500 ms CreateObjectMapping: 0.250900 ms MarkObjects: 2.575600 ms  DeleteObjects: 0.020400 ms)

========================================================================
Received Import Request.
  Time since last request: 1086.639309 seconds.
  path: Assets/Prefabs/ScriptableObj/AmmoAk47.asset
  artifactKey: Guid(427402b1e3375fc43940de463bffd084) Importer(815301076,1909f56bfc062723c751e8b465ee728b)
Start importing Assets/Prefabs/ScriptableObj/AmmoAk47.asset using Guid(427402b1e3375fc43940de463bffd084) Importer(815301076,1909f56bfc062723c751e8b465ee728b)  -> (artifact id: 'c0fb5e049e9ed8e93f147d3a706b62ab') in 0.015004 seconds
  Import took 0.018673 seconds .

========================================================================
Received Prepare
Registering precompiled user dll's ...
Registered in 0.001078 seconds.
Begin MonoManager ReloadAssembly
Native extension for WindowsStandalone target not found
Refreshing native plugins compatible for Editor in 0.47 ms, found 1 plugins.
Preloading 0 native plugins for Editor in 0.00 ms.
Invoked RoslynAnalysisRunner static constructor.
RoslynAnalysisRunner will not be running.
RoslynAnalysisRunner has terminated.
Mono: successfully reloaded assembly
- Completed reload, in  0.812 seconds
Platform modules already initialized, skipping
Refreshing native plugins compatible for Editor in 0.43 ms, found 1 plugins.
Preloading 0 native plugins for Editor in 0.00 ms.
Unloading 1824 Unused Serialized files (Serialized files now loaded: 0)
System memory in use before: 88.6 MB.
System memory in use after: 88.7 MB.

Unloading 7 unused Assets to reduce memory usage. Loaded Objects now: 2363.
Total: 2.981200 ms (FindLiveObjects: 0.901200 ms CreateObjectMapping: 0.221800 ms MarkObjects: 1.836700 ms  DeleteObjects: 0.018900 ms)

========================================================================
Received Prepare
Registering precompiled user dll's ...
Registered in 0.001031 seconds.
Begin MonoManager ReloadAssembly
Native extension for WindowsStandalone target not found
Refreshing native plugins compatible for Editor in 0.44 ms, found 1 plugins.
Preloading 0 native plugins for Editor in 0.00 ms.
Invoked RoslynAnalysisRunner static constructor.
RoslynAnalysisRunner will not be running.
RoslynAnalysisRunner has terminated.
Mono: successfully reloaded assembly
- Completed reload, in  0.765 seconds
Platform modules already initialized, skipping
Refreshing native plugins compatible for Editor in 0.50 ms, found 1 plugins.
Preloading 0 native plugins for Editor in 0.00 ms.
Unloading 1824 Unused Serialized files (Serialized files now loaded: 0)
System memory in use before: 88.6 MB.
System memory in use after: 88.7 MB.

Unloading 7 unused Assets to reduce memory usage. Loaded Objects now: 2367.
Total: 2.050000 ms (FindLiveObjects: 0.379700 ms CreateObjectMapping: 0.075300 ms MarkObjects: 1.579800 ms  DeleteObjects: 0.014200 ms)

========================================================================
Received Prepare
Registering precompiled user dll's ...
Registered in 0.001235 seconds.
Begin MonoManager ReloadAssembly
Native extension for WindowsStandalone target not found
Refreshing native plugins compatible for Editor in 0.44 ms, found 1 plugins.
Preloading 0 native plugins for Editor in 0.00 ms.
Invoked RoslynAnalysisRunner static constructor.
RoslynAnalysisRunner will not be running.
RoslynAnalysisRunner has terminated.
Mono: successfully reloaded assembly
- Completed reload, in  0.818 seconds
Platform modules already initialized, skipping
Refreshing native plugins compatible for Editor in 0.44 ms, found 1 plugins.
Preloading 0 native plugins for Editor in 0.00 ms.
Unloading 1824 Unused Serialized files (Serialized files now loaded: 0)
System memory in use before: 88.6 MB.
System memory in use after: 88.7 MB.

Unloading 7 unused Assets to reduce memory usage. Loaded Objects now: 2371.
Total: 2.385200 ms (FindLiveObjects: 0.342100 ms CreateObjectMapping: 0.117300 ms MarkObjects: 1.895300 ms  DeleteObjects: 0.029200 ms)

========================================================================
Received Prepare
Registering precompiled user dll's ...
Registered in 0.001073 seconds.
Begin MonoManager ReloadAssembly
Native extension for WindowsStandalone target not found
Refreshing native plugins compatible for Editor in 0.50 ms, found 1 plugins.
Preloading 0 native plugins for Editor in 0.00 ms.
Invoked RoslynAnalysisRunner static constructor.
RoslynAnalysisRunner will not be running.
RoslynAnalysisRunner has terminated.
Mono: successfully reloaded assembly
- Completed reload, in  0.811 seconds
Platform modules already initialized, skipping
Refreshing native plugins compatible for Editor in 0.70 ms, found 1 plugins.
Preloading 0 native plugins for Editor in 0.00 ms.
Unloading 1824 Unused Serialized files (Serialized files now loaded: 0)
System memory in use before: 88.6 MB.
System memory in use after: 88.7 MB.

Unloading 7 unused Assets to reduce memory usage. Loaded Objects now: 2375.
Total: 2.286300 ms (FindLiveObjects: 0.290600 ms CreateObjectMapping: 0.099800 ms MarkObjects: 1.876300 ms  DeleteObjects: 0.017100 ms)

========================================================================
Received Prepare
Registering precompiled user dll's ...
Registered in 0.001386 seconds.
Begin MonoManager ReloadAssembly
Native extension for WindowsStandalone target not found
Refreshing native plugins compatible for Editor in 0.44 ms, found 1 plugins.
Preloading 0 native plugins for Editor in 0.00 ms.
Invoked RoslynAnalysisRunner static constructor.
RoslynAnalysisRunner will not be running.
RoslynAnalysisRunner has terminated.
Mono: successfully reloaded assembly
- Completed reload, in  0.807 seconds
Platform modules already initialized, skipping
Refreshing native plugins compatible for Editor in 0.51 ms, found 1 plugins.
Preloading 0 native plugins for Editor in 0.00 ms.
Unloading 1824 Unused Serialized files (Serialized files now loaded: 0)
System memory in use before: 88.6 MB.
System memory in use after: 88.7 MB.

Unloading 7 unused Assets to reduce memory usage. Loaded Objects now: 2379.
Total: 1.971700 ms (FindLiveObjects: 0.299600 ms CreateObjectMapping: 0.092800 ms MarkObjects: 1.560000 ms  DeleteObjects: 0.017100 ms)

========================================================================
Received Import Request.
  Time since last request: 280.714585 seconds.
  path: Assets/Prefabs/ScriptableObj/AmmoPistol.asset
  artifactKey: Guid(213316ab37813f84fb157bd35b959cef) Importer(815301076,1909f56bfc062723c751e8b465ee728b)
Start importing Assets/Prefabs/ScriptableObj/AmmoPistol.asset using Guid(213316ab37813f84fb157bd35b959cef) Importer(815301076,1909f56bfc062723c751e8b465ee728b)  -> (artifact id: '79ebfcb666eb7e59c1ccce486aeb2833') in 0.014820 seconds
  Import took 0.019128 seconds .

========================================================================
Received Import Request.
  Time since last request: 190.280815 seconds.
  path: Assets/Sprites/Ammo/ammo_clip_full.png
  artifactKey: Guid(72fc7032724cf454fa8fecb423b9926c) Importer(815301076,1909f56bfc062723c751e8b465ee728b)
Start importing Assets/Sprites/Ammo/ammo_clip_full.png using Guid(72fc7032724cf454fa8fecb423b9926c) Importer(815301076,1909f56bfc062723c751e8b465ee728b)  -> (artifact id: 'c041955289c48d3d9161a61b710acf15') in 0.038371 seconds
  Import took 0.042476 seconds .

========================================================================
Received Import Request.
  Time since last request: 7.910256 seconds.
  path: Assets/Sprites/Ammo/ammo_clip_full.png
  artifactKey: Guid(72fc7032724cf454fa8fecb423b9926c) Importer(815301076,1909f56bfc062723c751e8b465ee728b)
Start importing Assets/Sprites/Ammo/ammo_clip_full.png using Guid(72fc7032724cf454fa8fecb423b9926c) Importer(815301076,1909f56bfc062723c751e8b465ee728b)  -> (artifact id: 'a9eea7dd5a1ab6942c0919799ffb5da3') in 0.008765 seconds
  Import took 0.012998 seconds .

========================================================================
Received Prepare
Registering precompiled user dll's ...
Registered in 0.001264 seconds.
Begin MonoManager ReloadAssembly
Native extension for WindowsStandalone target not found
Refreshing native plugins compatible for Editor in 0.44 ms, found 1 plugins.
Preloading 0 native plugins for Editor in 0.00 ms.
Invoked RoslynAnalysisRunner static constructor.
RoslynAnalysisRunner will not be running.
RoslynAnalysisRunner has terminated.
Mono: successfully reloaded assembly
- Completed reload, in  0.794 seconds
Platform modules already initialized, skipping
Refreshing native plugins compatible for Editor in 0.44 ms, found 1 plugins.
Preloading 0 native plugins for Editor in 0.00 ms.
Unloading 1824 Unused Serialized files (Serialized files now loaded: 0)
System memory in use before: 88.6 MB.
System memory in use after: 88.7 MB.

Unloading 7 unused Assets to reduce memory usage. Loaded Objects now: 2384.
Total: 2.151400 ms (FindLiveObjects: 0.341200 ms CreateObjectMapping: 0.077600 ms MarkObjects: 1.715200 ms  DeleteObjects: 0.015200 ms)

========================================================================
Received Prepare
Registering precompiled user dll's ...
Registered in 0.001542 seconds.
Begin MonoManager ReloadAssembly
Native extension for WindowsStandalone target not found
Refreshing native plugins compatible for Editor in 0.45 ms, found 1 plugins.
Preloading 0 native plugins for Editor in 0.00 ms.
Invoked RoslynAnalysisRunner static constructor.
RoslynAnalysisRunner will not be running.
RoslynAnalysisRunner has terminated.
Mono: successfully reloaded assembly
- Completed reload, in  0.846 seconds
Platform modules already initialized, skipping
Refreshing native plugins compatible for Editor in 0.46 ms, found 1 plugins.
Preloading 0 native plugins for Editor in 0.00 ms.
Unloading 1824 Unused Serialized files (Serialized files now loaded: 0)
System memory in use before: 88.6 MB.
System memory in use after: 88.8 MB.

Unloading 7 unused Assets to reduce memory usage. Loaded Objects now: 2388.
Total: 2.250200 ms (FindLiveObjects: 0.379800 ms CreateObjectMapping: 0.138800 ms MarkObjects: 1.684800 ms  DeleteObjects: 0.044500 ms)

========================================================================
Received Prepare
Registering precompiled user dll's ...
Registered in 0.001247 seconds.
Begin MonoManager ReloadAssembly
Native extension for WindowsStandalone target not found
Refreshing native plugins compatible for Editor in 0.44 ms, found 1 plugins.
Preloading 0 native plugins for Editor in 0.00 ms.
Invoked RoslynAnalysisRunner static constructor.
RoslynAnalysisRunner will not be running.
RoslynAnalysisRunner has terminated.
Mono: successfully reloaded assembly
- Completed reload, in  0.790 seconds
Platform modules already initialized, skipping
Refreshing native plugins compatible for Editor in 0.62 ms, found 1 plugins.
Preloading 0 native plugins for Editor in 0.00 ms.
Unloading 1824 Unused Serialized files (Serialized files now loaded: 0)
System memory in use before: 88.6 MB.
System memory in use after: 88.8 MB.

Unloading 7 unused Assets to reduce memory usage. Loaded Objects now: 2392.
Total: 2.766300 ms (FindLiveObjects: 0.430200 ms CreateObjectMapping: 0.130800 ms MarkObjects: 2.173000 ms  DeleteObjects: 0.029300 ms)

========================================================================
Received Prepare
Registering precompiled user dll's ...
Registered in 0.001078 seconds.
Begin MonoManager ReloadAssembly
Native extension for WindowsStandalone target not found
Refreshing native plugins compatible for Editor in 0.53 ms, found 1 plugins.
Preloading 0 native plugins for Editor in 0.00 ms.
Invoked RoslynAnalysisRunner static constructor.
RoslynAnalysisRunner will not be running.
RoslynAnalysisRunner has terminated.
Mono: successfully reloaded assembly
- Completed reload, in  0.812 seconds
Platform modules already initialized, skipping
Refreshing native plugins compatible for Editor in 0.56 ms, found 1 plugins.
Preloading 0 native plugins for Editor in 0.00 ms.
Unloading 1824 Unused Serialized files (Serialized files now loaded: 0)
System memory in use before: 88.7 MB.
System memory in use after: 88.8 MB.

Unloading 7 unused Assets to reduce memory usage. Loaded Objects now: 2396.
Total: 2.227900 ms (FindLiveObjects: 0.303300 ms CreateObjectMapping: 0.076900 ms MarkObjects: 1.829100 ms  DeleteObjects: 0.017300 ms)

========================================================================
Received Prepare
Registering precompiled user dll's ...
Registered in 0.001114 seconds.
Begin MonoManager ReloadAssembly
Native extension for WindowsStandalone target not found
Refreshing native plugins compatible for Editor in 0.92 ms, found 1 plugins.
Preloading 0 native plugins for Editor in 0.00 ms.
Invoked RoslynAnalysisRunner static constructor.
RoslynAnalysisRunner will not be running.
RoslynAnalysisRunner has terminated.
Mono: successfully reloaded assembly
- Completed reload, in  0.789 seconds
Platform modules already initialized, skipping
Refreshing native plugins compatible for Editor in 0.48 ms, found 1 plugins.
Preloading 0 native plugins for Editor in 0.00 ms.
Unloading 1824 Unused Serialized files (Serialized files now loaded: 0)
System memory in use before: 88.7 MB.
System memory in use after: 88.8 MB.

Unloading 7 unused Assets to reduce memory usage. Loaded Objects now: 2400.
Total: 2.276600 ms (FindLiveObjects: 0.372600 ms CreateObjectMapping: 0.089900 ms MarkObjects: 1.791600 ms  DeleteObjects: 0.020500 ms)

========================================================================
Received Import Request.
  Time since last request: 370.017666 seconds.
  path: Assets/Prefabs/ScriptableObj/AmmoShotgun.asset
  artifactKey: Guid(5354225292a9a6d4e9e03155277f4349) Importer(815301076,1909f56bfc062723c751e8b465ee728b)
Start importing Assets/Prefabs/ScriptableObj/AmmoShotgun.asset using Guid(5354225292a9a6d4e9e03155277f4349) Importer(815301076,1909f56bfc062723c751e8b465ee728b)  -> (artifact id: 'b169d47716ba8c9d2cfcbbd092c43eb1') in 0.011803 seconds
  Import took 0.014657 seconds .

========================================================================
Received Import Request.
  Time since last request: 0.000284 seconds.
  path: Assets/Prefabs/ScriptableObj/AmmoPistol.asset
  artifactKey: Guid(213316ab37813f84fb157bd35b959cef) Importer(815301076,1909f56bfc062723c751e8b465ee728b)
Start importing Assets/Prefabs/ScriptableObj/AmmoPistol.asset using Guid(213316ab37813f84fb157bd35b959cef) Importer(815301076,1909f56bfc062723c751e8b465ee728b)  -> (artifact id: 'ab15de9842c406522525888b109b065f') in 0.002578 seconds
  Import took 0.005790 seconds .

========================================================================
Received Import Request.
  Time since last request: 0.000285 seconds.
  path: Assets/Prefabs/ScriptableObj/AmmoAk47.asset
  artifactKey: Guid(427402b1e3375fc43940de463bffd084) Importer(815301076,1909f56bfc062723c751e8b465ee728b)
Start importing Assets/Prefabs/ScriptableObj/AmmoAk47.asset using Guid(427402b1e3375fc43940de463bffd084) Importer(815301076,1909f56bfc062723c751e8b465ee728b)  -> (artifact id: '76eae383b38759fd98401edcdc91b6ac') in 0.002608 seconds
  Import took 0.005618 seconds .

AssetImportWorkerClient::OnTransportError - code=2 error=End of file
